{"numFailedTestSuites":0,"numFailedTests":0,"numPassedTestSuites":4,"numPassedTests":8,"numPendingTestSuites":0,"numPendingTests":0,"numRuntimeErrorTestSuites":0,"numTodoTests":0,"numTotalTestSuites":4,"numTotalTests":8,"openHandles":[],"snapshot":{"added":0,"didUpdate":false,"failure":false,"filesAdded":0,"filesRemoved":0,"filesRemovedList":[],"filesUnmatched":0,"filesUpdated":0,"matched":0,"total":0,"unchecked":0,"uncheckedKeysByFile":[],"unmatched":0,"updated":0},"startTime":1753072815992,"success":true,"testResults":[{"assertionResults":[{"ancestorTitles":["CreateTicket"],"failureMessages":[],"fullName":"CreateTicket ticketCreationForm","location":null,"status":"passed","title":"ticketCreationForm"},{"ancestorTitles":["CreateTicket"],"failureMessages":[],"fullName":"CreateTicket validation shows errors","location":null,"status":"passed","title":"validation shows errors"}],"endTime":1753072819479,"message":"","name":"/home/coder/project/workspace/question_generation_service/solutions/b33a7878-f148-42f9-acb6-ffb7eb9f7fdd/reactapp/src/components/CreateTicket.test.js","startTime":1753072817042,"status":"passed","summary":""},{"assertionResults":[{"ancestorTitles":["TicketDetail"],"failureMessages":[],"fullName":"TicketDetail ticketDetailRendering","location":null,"status":"passed","title":"ticketDetailRendering"}],"endTime":1753072819643,"message":"","name":"/home/coder/project/workspace/question_generation_service/solutions/b33a7878-f148-42f9-acb6-ffb7eb9f7fdd/reactapp/src/components/TicketDetail.test.js","startTime":1753072817032,"status":"passed","summary":""},{"assertionResults":[{"ancestorTitles":["TicketList"],"failureMessages":[],"fullName":"TicketList ticketListRendering","location":null,"status":"passed","title":"ticketListRendering"},{"ancestorTitles":["TicketList"],"failureMessages":[],"fullName":"TicketList ticketSorting","location":null,"status":"passed","title":"ticketSorting"}],"endTime":1753072819656,"message":"","name":"/home/coder/project/workspace/question_generation_service/solutions/b33a7878-f148-42f9-acb6-ffb7eb9f7fdd/reactapp/src/components/TicketList.test.js","startTime":1753072816965,"status":"passed","summary":""},{"assertionResults":[{"ancestorTitles":["api integration"],"failureMessages":[],"fullName":"api integration getTickets calls correct endpoint","location":null,"status":"passed","title":"getTickets calls correct endpoint"},{"ancestorTitles":["api integration"],"failureMessages":[],"fullName":"api integration getTicketById","location":null,"status":"passed","title":"getTicketById"},{"ancestorTitles":["api integration"],"failureMessages":[],"fullName":"api integration createTicket","location":null,"status":"passed","title":"createTicket"}],"endTime":1753072819710,"message":"","name":"/home/coder/project/workspace/question_generation_service/solutions/b33a7878-f148-42f9-acb6-ffb7eb9f7fdd/reactapp/src/utils/api.test.js","startTime":1753072819516,"status":"passed","summary":""}],"wasInterrupted":false}